::1 - - [06/May/2023:05:22:07 +0000] "GET / HTTP/1.1" 304 - "-" "Mozilla/5.0 (Windows NT 10.0; Win64; x64) AppleWebKit/537.36 (KHTML, like Gecko) Chrome/112.0.0.0 Safari/537.36"
[0mGET / [36m304[0m 17.203 ms - -[0m
[0mPOST /create-session [36m302[0m 25.366 ms - 54[0m
[0mGET /chat [32m200[0m 29.546 ms - 33989[0m
[0mGET /uploads/users/avatars/avatar-1683038892242 [32m200[0m 15.186 ms - 84457[0m
[0mGET /uploads/users/avatars/avatar-1683039642438 [32m200[0m 14.224 ms - 52412[0m
[0mGET /uploads/users/avatars/avatar-1682940613912 [32m200[0m 13.127 ms - 54674[0m
[0mGET /uploads/users/avatars/avatar-1683289340518 [32m200[0m 12.023 ms - 113463[0m
[0mGET /sign-out [36m302[0m 13.827 ms - 46[0m
[0mGET / [36m304[0m 4.453 ms - -[0m
[0mGET / [32m200[0m 15.293 ms - 3512[0m
[0mGET / [36m304[0m 6.305 ms - -[0m
[0mGET / [32m200[0m 10.982 ms - 3512[0m
[0mGET / [32m200[0m 9.596 ms - 3512[0m
[0mGET / [32m200[0m 3.658 ms - 3512[0m
[0mGET / [32m200[0m 2.954 ms - 3512[0m
[0mGET / [36m304[0m 41.650 ms - -[0m
[0mGET / [32m200[0m 14.862 ms - 3512[0m
[0mGET / [32m200[0m 10.660 ms - 3512[0m
[0mGET / [32m200[0m 9.518 ms - 3512[0m
[0mGET / [32m200[0m 6.196 ms - 3512[0m
[0mGET / [32m200[0m 12.807 ms - 3512[0m
[0mGET / [31m500[0m 32.675 ms - 2257[0m
[0mGET / [32m200[0m 30.869 ms - 3506[0m
[0mGET / [32m200[0m 14.250 ms - 3506[0m
[0mPOST /create-session [36m302[0m 42.461 ms - 54[0m
[0mGET /chat [32m200[0m 56.420 ms - 33983[0m
[0mGET /uploads/users/avatars/avatar-1683038892242 [32m200[0m 14.984 ms - 84457[0m
[0mGET /uploads/users/avatars/avatar-1683039642438 [32m200[0m 11.991 ms - 52412[0m
[0mGET /uploads/users/avatars/avatar-1682940613912 [32m200[0m 10.653 ms - 54674[0m
[0mGET /uploads/users/avatars/avatar-1683289340518 [32m200[0m 7.731 ms - 113463[0m
[0mGET / [36m304[0m 10.844 ms - -[0m
[0mPOST /create-session [36m302[0m 50.951 ms - 54[0m
[0mGET /chat [32m200[0m 63.545 ms - 34324[0m
[0mGET /uploads/users/avatars/avatar-1683038892242 [32m200[0m 21.360 ms - 84457[0m
[0mGET /uploads/users/avatars/avatar-1683039642438 [32m200[0m 12.298 ms - 52412[0m
[0mGET /uploads/users/avatars/avatar-1682940613912 [32m200[0m 12.161 ms - 54674[0m
[0mGET /uploads/users/avatars/avatar-1683289340518 [32m200[0m 11.728 ms - 113463[0m
[0mGET /sign-out [36m302[0m 21.927 ms - 46[0m
[0mGET / [36m304[0m 13.386 ms - -[0m
[0mGET / [36m304[0m 11.421 ms - -[0m
[0mPOST /create-session [36m302[0m 30.023 ms - 54[0m
[0mGET /chat [36m304[0m 31.664 ms - -[0m
[0mGET /uploads/users/avatars/avatar-1683038892242 [36m304[0m 10.565 ms - -[0m
[0mGET /uploads/users/avatars/avatar-1683039642438 [36m304[0m 10.737 ms - -[0m
[0mGET /uploads/users/avatars/avatar-1682940613912 [36m304[0m 9.916 ms - -[0m
[0mGET /uploads/users/avatars/avatar-1683289340518 [36m304[0m 10.746 ms - -[0m
[0mGET /chat [32m200[0m 44.238 ms - 34665[0m
[0mPOST /chatsave [0m-[0m - ms - -[0m
[0mGET /uploads/users/avatars/avatar-1683038892242 [36m304[0m 12.973 ms - -[0m
[0mGET /uploads/users/avatars/avatar-1683039642438 [36m304[0m 9.945 ms - -[0m
[0mGET /uploads/users/avatars/avatar-1682940613912 [36m304[0m 8.987 ms - -[0m
[0mGET /uploads/users/avatars/avatar-1683289340518 [36m304[0m 9.153 ms - -[0m
[0mGET /sign-out [36m302[0m 7.445 ms - 46[0m
[0mGET / [36m304[0m 4.664 ms - -[0m
[0mGET / [36m304[0m 10.788 ms - -[0m
[0mPOST /create-session [36m302[0m 70.583 ms - 54[0m
[0mGET /chat [36m304[0m 48.846 ms - -[0m
[0mGET /uploads/users/avatars/avatar-1683038892242 [36m304[0m 11.496 ms - -[0m
[0mGET /uploads/users/avatars/avatar-1683039642438 [36m304[0m 7.464 ms - -[0m
[0mGET /uploads/users/avatars/avatar-1682940613912 [36m304[0m 7.167 ms - -[0m
[0mGET /uploads/users/avatars/avatar-1683289340518 [36m304[0m 7.902 ms - -[0m
[0mGET /sign-out [36m302[0m 22.553 ms - 46[0m
[0mGET / [36m304[0m 13.499 ms - -[0m
